<?xml version="1.0" ?>
<testsuites>
    <properties>
    </properties>
    <testsuite name="xunit testplan 1" tests="1">
        <testcase name="testing plugin case 1" classname="xunit testplan 1">
            <properties>
            </properties>
            <system-out>
            Configuration: {&#39;initial_delay&#39;: 0.1, &#39;conf&#39;: 1} - Result: complete, FAIL - Links: None ; Configuration: {&#39;initial_delay&#39;: 0.1, &#39;conf&#39;: 2} - Result: complete, FAIL - Links: None ; 
            </system-out>
            <error message="Configuration: {&#39;initial_delay&#39;: 0.1, &#39;conf&#39;: 1} - Result: complete, FAIL - Links: None ; Configuration: {&#39;initial_delay&#39;: 0.1, &#39;conf&#39;: 2} - Result: complete, FAIL - Links: None ; " type="error" />
        </testcase>
    </testsuite>
</testsuites>